./crypto/calendar.py: 2 comments removed
./crypto/scoring/directional_scorer.py: 1 comments removed
./crypto/regime/detector.py: 12 comments removed
./crypto/services/backtest_service.py: 26 comments removed
./weights/kalman.py: 1 comments removed
./weights/ic_ewma.py: 5 comments removed
./indicators/refactor_components.py: 4 comments removed
./indicators/hawkes.py: 14 comments removed
./indicators/ofi.py: 2 comments removed
./indicators/__init__.py: 2 comments removed
./indicators/sentiment_agent.py: 56 comments removed
./indicators/composite.py: 18 comments removed
./indicators/normalization.py: 1 comments removed
./indicators/ldc.py: 1 comments removed
./tests/test_phaseA_normalization.py: 8 comments removed
./tests/_auc_helper.py: 2 comments removed
./tests/leakage_check.py: 3 comments removed
./tests/test_ofi.py: 6 comments removed
./tests/test_phase3_comprehensive.py: 88 comments removed
./tests/test_normalization_refactor.py: 5 comments removed
./tests/test_phaseA_composite.py: 1 comments removed
./tests/test_fx_consistency.py: 2 comments removed
./tests/test_phaseA_integration.py: 11 comments removed
./tests/test_lookahead.py: 4 comments removed
./tests/test_phase3.py: 30 comments removed
./tests/test_phaseB_data_integrity.py: 32 comments removed
./tests/test_hawkes.py: 3 comments removed
./tests/test_ingestion.py: 3 comments removed
./tests/test_bot_features.py: 2 comments removed
./tests/test_ldc.py: 9 comments removed
./tests/test_phaseB_simulations.py: 42 comments removed
./tests/test_composite_refactor.py: 7 comments removed
./tests/test_phaseB_validation.py: 29 comments removed
./tests/fixtures.py: 11 comments removed
./tests/test_weights.py: 3 comments removed
./tests/crypto/test_costs.py: 3 comments removed
./tests/crypto/test_models.py: 1 comments removed
./backend/routes/crypto.py: 25 comments removed
./simulations/hawkes_simulator.py: 26 comments removed
./scripts/rolling_ic_weights.py: 2 comments removed
./scripts/refactor_gating.py: 2 comments removed
./scripts/deep_trade_validation.py: 5 comments removed
./scripts/inspect_cpcv_splits.py: 2 comments removed
./scripts/diagnose_bot_tuning.py: 1 comments removed
./scripts/export_report_docx.py: 9 comments removed
./scripts/verify_all_combos.py: 1 comments removed
./scripts/run_sim_diagnostics.py: 5 comments removed
./scripts/turnover_sensitivity.py: 1 comments removed
./scripts/suggest_threshold_from_deciles.py: 6 comments removed
./scripts/regime_cluster.py: 3 comments removed
./scripts/create_refactor_snapshot.py: 1 comments removed
./scripts/verify_determinism.py: 9 comments removed
./scripts/compute_ic_deciles.py: 4 comments removed
./scripts/verify_refactor_determinism.py: 2 comments removed
./scripts/noise_sensitivity.py: 1 comments removed
./scripts/allocation_sweep.py: 1 comments removed
./scoring/composite.py: 12 comments removed
./bot/ingestion.py: 2 comments removed
./bot/execution.py: 3 comments removed
./bot/features.py: 1 comments removed
./bot/bayes_online.py: 4 comments removed
./validation/metrics.py: 18 comments removed
./validation/objective.py: 1 comments removed
./validation/walkforward.py: 9 comments removed
./validation/refactor_runner.py: 1 comments removed
./validation/kfold.py: 8 comments removed
./validation/__init__.py: 8 comments removed
./validation/plots.py: 23 comments removed
./validation/report_generator.py: 32 comments removed
./validation/orchestrator.py: 1 comments removed
./validation/run_ic_decile.py: 2 comments removed
./validation/data_integrity.py: 26 comments removed
./validation/tuning.py: 28 comments removed
./validation/phase3_runner.py: 33 comments removed
./validation/bot_backtest.py: 5 comments removed
./validation/execution_model.py: 13 comments removed
./backtester/portfolio_simulator.py: 108 comments removed

TOTAL: 894 comments removed across 77 files

PRESERVED (retained with justification):
- # type: ignore / # noqa pragmas (tooling contracts)
- Shebang lines (#!/...)
- Module-level docstrings (kept as strings, not comments)